<?xml version="1.0" encoding="UTF-8"?>
<testsuite xmlns:xsi="http://www.w3.org/2001/XMLSchema-instance" xsi:noNamespaceSchemaLocation="https://maven.apache.org/surefire/maven-surefire-plugin/xsd/surefire-test-report.xsd" version="3.0.2" name="ch.obya.psd2.bank.xs2a.ConsentCreationOverMtlsTest" time="5.9" tests="10" errors="0" skipped="0" failures="0" flakes="0">
  <properties>
[...]
</properties>
  <testcase name="internalContractDoesNotLeakOwnership" classname="ch.obya.psd2.bank.xs2a.ConsentCreationOverMtlsTest" time="1.185">
    <system-out><![CDATA[06:13:58.957 [main] INFO org.springframework.test.context.support.AnnotationConfigContextLoaderUtils -- Could not detect default configuration classes for test class [ch.obya.psd2.bank.xs2a.ConsentCreationOverMtlsTest]: ConsentCreationOverMtlsTest does not declare any static, non-private, non-final, nested classes annotated with @Configuration.
06:13:59.077 [main] INFO org.springframework.boot.test.context.SpringBootTestContextBootstrapper -- Found @SpringBootConfiguration ch.obya.psd2.bank.xs2a.BankXs2aApplication for test class ch.obya.psd2.bank.xs2a.ConsentCreationOverMtlsTest
06:13:59.142 [main] INFO org.springframework.test.context.support.AnnotationConfigContextLoaderUtils -- Could not detect default configuration classes for test class [ch.obya.psd2.bank.xs2a.ConsentCreationOverMtlsTest]: ConsentCreationOverMtlsTest does not declare any static, non-private, non-final, nested classes annotated with @Configuration.
06:13:59.144 [main] INFO org.springframework.boot.test.context.SpringBootTestContextBootstrapper -- Found @SpringBootConfiguration ch.obya.psd2.bank.xs2a.BankXs2aApplication for test class ch.obya.psd2.bank.xs2a.ConsentCreationOverMtlsTest

  .   ____          _            __ _ _
 /\\ / ___'_ __ _ _(_)_ __  __ _ \ \ \ \
( ( )\___ | '_ | '_| | '_ \/ _` | \ \ \ \
 \\/  ___)| |_)| | | | | || (_| |  ) ) ) )
  '  |____| .__|_| |_|_| |_\__, | / / / /
 =========|_|==============|___/=/_/_/_/

 :: Spring Boot ::                (v4.1.1)

2026-09-08T06:13:59.561+02:00  INFO 32507 --- [bank-xs2a] [           main] c.o.p.b.x.ConsentCreationOverMtlsTest    : Starting ConsentCreationOverMtlsTest using Java 25.0.2 with PID 32507 (started by olivier in /Users/olivier/Labor/github/berlin-psd2-sandbox/bank/bank-xs2a)
2026-09-08T06:13:59.562+02:00  INFO 32507 --- [bank-xs2a] [           main] c.o.p.b.x.ConsentCreationOverMtlsTest    : No active profile set, falling back to 1 default profile: "default"
2026-09-08T06:14:01.141+02:00  INFO 32507 --- [bank-xs2a] [           main] ch.obya.psd2.bank.xs2a.SandboxPki        : sandbox PKI written to /Users/olivier/Labor/github/berlin-psd2-sandbox/bank/bank-xs2a/target/pki - present target/pki/tpp.pem with target/pki/tpp.key to reach the XS2A API
2026-09-08T06:14:01.327+02:00  INFO 32507 --- [bank-xs2a] [           main] o.s.boot.tomcat.TomcatWebServer          : Tomcat initialized with port 0 (https)
2026-09-08T06:14:01.341+02:00  INFO 32507 --- [bank-xs2a] [           main] o.apache.catalina.core.StandardService   : Starting service [Tomcat]
2026-09-08T06:14:01.341+02:00  INFO 32507 --- [bank-xs2a] [           main] o.apache.catalina.core.StandardEngine    : Starting Servlet engine: [Apache Tomcat/11.0.24]
2026-09-08T06:14:01.379+02:00  INFO 32507 --- [bank-xs2a] [           main] b.w.c.s.WebApplicationContextInitializer : Root WebApplicationContext: initialization completed in 1797 ms
2026-09-08T06:14:02.431+02:00  INFO 32507 --- [bank-xs2a] [           main] o.a.t.util.net.NioEndpoint.certificate   : Connector [https-jsse-nio-auto-1], TLS virtual host [_default_], certificate type [UNDEFINED] configured from keystore [/var/folders/hd/k7m632252y37d5q47crr_c740000gn/T/bank-xs2a-server197968388393172222.p12] using alias [server] with trust store [null]
2026-09-08T06:14:02.439+02:00  INFO 32507 --- [bank-xs2a] [           main] o.s.boot.tomcat.TomcatWebServer          : Tomcat started on port 57972 (https) with context path '/'
2026-09-08T06:14:02.444+02:00  INFO 32507 --- [bank-xs2a] [           main] c.o.p.b.x.ConsentCreationOverMtlsTest    : Started ConsentCreationOverMtlsTest in 3.131 seconds (process running for 4.316)
2026-09-08T06:14:03.387+02:00  INFO 32507 --- [bank-xs2a] [o-auto-1-exec-6] o.a.c.c.C.[Tomcat].[localhost].[/]       : Initializing Spring DispatcherServlet 'dispatcherServlet'
2026-09-08T06:14:03.388+02:00  INFO 32507 --- [bank-xs2a] [o-auto-1-exec-6] o.s.web.servlet.DispatcherServlet        : Initializing Servlet 'dispatcherServlet'
2026-09-08T06:14:03.389+02:00  INFO 32507 --- [bank-xs2a] [o-auto-1-exec-6] o.s.web.servlet.DispatcherServlet        : Completed initialization in 1 ms
]]></system-out>
    <system-err><![CDATA[Mockito is currently self-attaching to enable the inline-mock-maker. This will no longer work in future releases of the JDK. Please add Mockito as an agent to your build as described in Mockito's documentation: https://javadoc.io/doc/org.mockito/mockito-core/latest/org.mockito/org/mockito/Mockito.html#0.3
WARNING: A Java agent has been loaded dynamically (/Users/olivier/.m2/repository/net/bytebuddy/byte-buddy-agent/1.18.11/byte-buddy-agent-1.18.11.jar)
WARNING: If a serviceability tool is in use, please run with -XX:+EnableDynamicAgentLoading to hide this warning
WARNING: If a serviceability tool is not in use, please run with -Djdk.instrument.traceUsage for more information
WARNING: Dynamic loading of agents will be disallowed by default in a future release
]]></system-err>
  </testcase>
  <testcase name="unknownCaFailsTheHandshake" classname="ch.obya.psd2.bank.xs2a.ConsentCreationOverMtlsTest" time="0.146"/>
  <testcase name="pispOnlyIsRefused" classname="ch.obya.psd2.bank.xs2a.ConsentCreationOverMtlsTest" time="0.108"/>
  <testcase name="nominalCreation" classname="ch.obya.psd2.bank.xs2a.ConsentCreationOverMtlsTest" time="0.106"/>
  <testcase name="validityIsCapped" classname="ch.obya.psd2.bank.xs2a.ConsentCreationOverMtlsTest" time="0.108"/>
  <testcase name="scaStatusIsReceived" classname="ch.obya.psd2.bank.xs2a.ConsentCreationOverMtlsTest" time="0.137"/>
  <testcase name="zeroFrequencyIsRefused" classname="ch.obya.psd2.bank.xs2a.ConsentCreationOverMtlsTest" time="0.105"/>
  <testcase name="expiredCertificateReachesTheApplication" classname="ch.obya.psd2.bank.xs2a.ConsentCreationOverMtlsTest" time="0.11"/>
  <testcase name="noClientCertificateFailsTheHandshake" classname="ch.obya.psd2.bank.xs2a.ConsentCreationOverMtlsTest" time="0.104"/>
  <testcase name="internalContractStaysThin" classname="ch.obya.psd2.bank.xs2a.ConsentCreationOverMtlsTest" time="0.125"/>
</testsuite>