<?xml version="1.0" encoding="UTF-8"?>
<testsuite xmlns:xsi="http://www.w3.org/2001/XMLSchema-instance" xsi:noNamespaceSchemaLocation="https://maven.apache.org/surefire/maven-surefire-plugin/xsd/surefire-test-report.xsd" version="3.0.2" name="ch.obya.psd2.oidc.ScopeValidationTest" time="0.04" tests="17" errors="0" skipped="0" failures="0" flakes="0">
  <properties>
[...]
</properties>
  <testcase name="roleIsCheckedBeforeTheInternalCall" classname="ch.obya.psd2.oidc.ScopeValidationTest" time="0.003"/>
  <testcase name="receivedConsentOfTheCaller" classname="ch.obya.psd2.oidc.ScopeValidationTest" time="0.001"/>
  <testcase name="twoResourcesOfDifferentKinds" classname="ch.obya.psd2.oidc.ScopeValidationTest" time="0.001"/>
  <testcase name="bankUnreachable" classname="ch.obya.psd2.oidc.ScopeValidationTest" time="0.002"/>
  <testcase name="alreadyValidConsent" classname="ch.obya.psd2.oidc.ScopeValidationTest" time="0.001"/>
  <testcase name="rejectedConsent" classname="ch.obya.psd2.oidc.ScopeValidationTest" time="0.002"/>
  <testcase name="emptyResourceId" classname="ch.obya.psd2.oidc.ScopeValidationTest" time="0.001"/>
  <testcase name="unknownConsent" classname="ch.obya.psd2.oidc.ScopeValidationTest" time="0.001"/>
  <testcase name="pispOnlyMayNotRequestAis" classname="ch.obya.psd2.oidc.ScopeValidationTest" time="0.002"/>
  <testcase name="twoResourcesOfTheSameKind" classname="ch.obya.psd2.oidc.ScopeValidationTest" time="0.002"/>
  <testcase name="resourceWithoutOfflineAccess" classname="ch.obya.psd2.oidc.ScopeValidationTest" time="0.002"/>
  <testcase name="resourceWithOfflineAccess" classname="ch.obya.psd2.oidc.ScopeValidationTest" time="0.001"/>
  <testcase name="unknownClient" classname="ch.obya.psd2.oidc.ScopeValidationTest" time="0.002"/>
  <testcase name="unknownWord" classname="ch.obya.psd2.oidc.ScopeValidationTest" time="0.001"/>
  <testcase name="offlineAccessAlone" classname="ch.obya.psd2.oidc.ScopeValidationTest" time="0.0"/>
  <testcase name="abandonedFirstAttemptStillProceeds" classname="ch.obya.psd2.oidc.ScopeValidationTest" time="0.001"/>
  <testcase name="consentOfAnotherTpp" classname="ch.obya.psd2.oidc.ScopeValidationTest" time="0.002"/>
</testsuite>