<?xml version="1.0" encoding="UTF-8"?>
<testsuite xmlns:xsi="http://www.w3.org/2001/XMLSchema-instance" xsi:noNamespaceSchemaLocation="https://maven.apache.org/surefire/maven-surefire-plugin/xsd/surefire-test-report.xsd" version="3.0.2" name="ch.obya.psd2.oidc.AnticorruptionLayerTest" time="0.95" tests="3" errors="0" skipped="0" failures="0" flakes="0">
  <properties>
[...]
</properties>
  <testcase name="keepsTheResourceIdOpaque" classname="ch.obya.psd2.oidc.AnticorruptionLayerTest" time="0.031">
    <system-err><![CDATA[SLF4J(W): No SLF4J providers were found.
SLF4J(W): Defaulting to no-operation (NOP) logger implementation
SLF4J(W): See https://www.slf4j.org/codes.html#noProviders for further details.
]]></system-err>
  </testcase>
  <testcase name="theInternalContractCarriesThreeFieldsAndNoMore" classname="ch.obya.psd2.oidc.AnticorruptionLayerTest" time="0.005"/>
  <testcase name="doesNotImportConsentManagement" classname="ch.obya.psd2.oidc.AnticorruptionLayerTest" time="0.045"/>
</testsuite>