<?xml version="1.0" encoding="UTF-8"?>
<testsuite xmlns:xsi="http://www.w3.org/2001/XMLSchema-instance" xsi:noNamespaceSchemaLocation="https://maven.apache.org/surefire/maven-surefire-plugin/xsd/surefire-test-report.xsd" version="3.0.2" name="ch.obya.psd2.bank.ciam.DynamicLinkTest" time="0.103" tests="10" errors="0" skipped="0" failures="0" flakes="0">
  <properties>
[...]
</properties>
  <testcase name="theCanonicalString" classname="ch.obya.psd2.bank.ciam.DynamicLinkTest" time="0.039">
    <system-err><![CDATA[SLF4J(W): No SLF4J providers were found.
SLF4J(W): Defaulting to no-operation (NOP) logger implementation
SLF4J(W): See https://www.slf4j.org/codes.html#noProviders for further details.
]]></system-err>
  </testcase>
  <testcase name="tppMatters" classname="ch.obya.psd2.bank.ciam.DynamicLinkTest" time="0.027"/>
  <testcase name="spacingIsIrrelevant" classname="ch.obya.psd2.bank.ciam.DynamicLinkTest" time="0.001"/>
  <testcase name="consentMatters" classname="ch.obya.psd2.bank.ciam.DynamicLinkTest" time="0.002"/>
  <testcase name="keepsWhatThePsuWasShown" classname="ch.obya.psd2.bank.ciam.DynamicLinkTest" time="0.001"/>
  <testcase name="stable" classname="ch.obya.psd2.bank.ciam.DynamicLinkTest" time="0.001"/>
  <testcase name="multicurrencyIsTwoEntries" classname="ch.obya.psd2.bank.ciam.DynamicLinkTest" time="0.002"/>
  <testcase name="validityMatters" classname="ch.obya.psd2.bank.ciam.DynamicLinkTest" time="0.001"/>
  <testcase name="orderDoesNotMatter" classname="ch.obya.psd2.bank.ciam.DynamicLinkTest" time="0.001"/>
  <testcase name="accountMatters" classname="ch.obya.psd2.bank.ciam.DynamicLinkTest" time="0.002"/>
</testsuite>